<?xml version="1.0" encoding="UTF-8"?>
<robot generator="Robot 7.0.1 (Python 3.13.0rc1 on win32)" generated="2024-08-17T10:44:13.548451" rpa="false" schemaversion="5">
<suite id="s1" name="GET request" source="C:\Users\Logisly 15\PycharmProjects\pintuTest\TestCases\GET_request.robot">
<test id="s1-t1" name="Get request data jsonplaceholder" line="17">
<kw name="Create Session" owner="RequestsLibrary">
<msg time="2024-08-17T10:44:14.055055" level="INFO">Creating Session using : alias=my_session, url=https://jsonplaceholder.typicode.com, headers={},                     cookies={}, auth=None, timeout=None, proxies=None, verify=False,                     debug=0 </msg>
<arg>my_session</arg>
<arg>${base_url}</arg>
<doc>Create Session: create a HTTP session to a server</doc>
<status status="PASS" start="2024-08-17T10:44:14.054851" elapsed="0.000461"/>
</kw>
<kw name="Set Variable" owner="BuiltIn">
<msg time="2024-08-17T10:44:14.056294" level="INFO">${full_url} = https://jsonplaceholder.typicode.com/posts?userId=2&amp;id=12</msg>
<var>${full_url}</var>
<arg>${base_url}/${request}?${userId}&amp;${id}</arg>
<doc>Returns the given values which can then be assigned to a variables.</doc>
<status status="PASS" start="2024-08-17T10:44:14.055970" elapsed="0.000354"/>
</kw>
<kw name="Log To Console" owner="BuiltIn">
<arg>Full URL: ${full_url}</arg>
<doc>Logs the given message to the console.</doc>
<status status="PASS" start="2024-08-17T10:44:14.056767" elapsed="0.000329"/>
</kw>
<kw name="GET On Session" owner="RequestsLibrary">
<msg time="2024-08-17T10:44:14.277695" level="INFO">GET Request : url=https://jsonplaceholder.typicode.com/posts?/userId=2&amp;id=12 
 path_url=/posts?/userId=2&amp;id=12 
 headers={'User-Agent': 'python-requests/2.32.3', 'Accept-Encoding': 'gzip, deflate', 'Accept': '*/*', 'Connection': 'keep-alive'} 
 body=None 
 </msg>
<msg time="2024-08-17T10:44:14.278188" level="INFO">GET Response : url=https://jsonplaceholder.typicode.com/posts?/userId=2&amp;id=12 
 status=200, reason=OK 
 headers={'Date': 'Sat, 17 Aug 2024 03:44:14 GMT', 'Content-Type': 'application/json; charset=utf-8', 'Transfer-Encoding': 'chunked', 'Connection': 'keep-alive', 'Report-To': '{"group":"heroku-nel","max_age":3600,"endpoints":[{"url":"https://nel.heroku.com/reports?ts=1723819015&amp;sid=e11707d5-02a7-43ef-b45e-2cf4d2036f7d&amp;s=Vhkb6qB4hs5adfacrNLGttZwwZWGyedKdcMx6bXOQfY%3D"}]}', 'Reporting-Endpoints': 'heroku-nel=https://nel.heroku.com/reports?ts=1723819015&amp;sid=e11707d5-02a7-43ef-b45e-2cf4d2036f7d&amp;s=Vhkb6qB4hs5adfacrNLGttZwwZWGyedKdcMx6bXOQfY%3D', 'Nel': '{"report_to":"heroku-nel","max_age":3600,"success_fraction":0.005,"failure_fraction":0.05,"response_headers":["Via"]}', 'X-Powered-By': 'Express', 'X-Ratelimit-Limit': '1000', 'X-Ratelimit-Remaining': '999', 'X-Ratelimit-Reset': '1723819061', 'Vary': 'Origin, Accept-Encoding', 'Access-Control-Allow-Credentials': 'true', 'Cache-Control': 'max-age=43200', 'Pragma': 'no-cache', 'Expires': '-1', 'X-Content-Type-Options': 'nosniff', 'Etag': 'W/"10a-3jpj88XVd+UQtAiXlhAOL7TRyeI"', 'Via': '1.1 vegur', 'CF-Cache-Status': 'HIT', 'Age': '3566', 'Server': 'cloudflare', 'CF-RAY': '8b46aa1a8e728998-SIN', 'Content-Encoding': 'gzip', 'alt-svc': 'h3=":443"; ma=86400'} 
 body=[
  {
    "userId": 2,
    "id": 12,
    "title": "in quibusdam tempore odit est dolorem",
    "body": "itaque id aut magnam\npraesentium quia et ea odit et ea voluptas et\nsapiente quia nihil amet occaecati quia id voluptatem\nincidunt ea est distinctio odio"
  }
] 
 </msg>
<msg time="2024-08-17T10:44:14.278497" level="INFO">C:\Users\Logisly 15\AppData\Local\Programs\Python\Python313\Lib\site-packages\urllib3\connectionpool.py:1099: InsecureRequestWarning: Unverified HTTPS request is being made to host 'jsonplaceholder.typicode.com'. Adding certificate verification is strongly advised. See: https://urllib3.readthedocs.io/en/latest/advanced-usage.html#tls-warnings
  warnings.warn(</msg>
<msg time="2024-08-17T10:44:14.279695" level="INFO">${response} = &lt;Response [200]&gt;</msg>
<var>${response}</var>
<arg>my_session</arg>
<arg>/${request}?/${userId}&amp;${id}</arg>
<doc>Sends a GET request on a previously created HTTP Session.</doc>
<status status="PASS" start="2024-08-17T10:44:14.057529" elapsed="0.222303"/>
</kw>
<kw name="Log To Console" owner="BuiltIn">
<arg>${response.status_code}</arg>
<doc>Logs the given message to the console.</doc>
<status status="PASS" start="2024-08-17T10:44:14.281550" elapsed="0.002617"/>
</kw>
<kw name="Log To Console" owner="BuiltIn">
<arg>${response.content}</arg>
<doc>Logs the given message to the console.</doc>
<status status="PASS" start="2024-08-17T10:44:14.285824" elapsed="0.002452"/>
</kw>
<kw name="Convert To String" owner="BuiltIn">
<msg time="2024-08-17T10:44:14.291599" level="INFO">${status_code} = 200</msg>
<var>${status_code}</var>
<arg>${response.status_code}</arg>
<doc>Converts the given item to a Unicode string.</doc>
<status status="PASS" start="2024-08-17T10:44:14.289789" elapsed="0.001905"/>
</kw>
<kw name="Should Be Equal" owner="BuiltIn">
<arg>${status_code}</arg>
<arg>${code}</arg>
<doc>Fails if the given objects are unequal.</doc>
<status status="PASS" start="2024-08-17T10:44:14.293520" elapsed="0.001315"/>
</kw>
<kw name="Evaluate" owner="BuiltIn">
<msg time="2024-08-17T10:44:14.299096" level="FAIL">Evaluating expression [{'userId': 2, 'id': 12, 'title': 'in quibusdam tempore odit est dolorem', 'body': 'itaque id aut magnam\npraesentium quia et ea odit et ea voluptas et\nsapiente quia nihil amet occaecati quia id voluptatem\nincidunt ea est distinctio odio'}] failed: TypeError: Expression must be string, got list.</msg>
<var>${json_response}</var>
<arg>${response.json()}</arg>
<arg>json</arg>
<doc>Evaluates the given expression in Python and returns the result.</doc>
<status status="FAIL" start="2024-08-17T10:44:14.296637" elapsed="0.003237">Evaluating expression [{'userId': 2, 'id': 12, 'title': 'in quibusdam tempore odit est dolorem', 'body': 'itaque id aut magnam\npraesentium quia et ea odit et ea voluptas et\nsapiente quia nihil amet occaecati quia id voluptatem\nincidunt ea est distinctio odio'}] failed: TypeError: Expression must be string, got list.</status>
</kw>
<kw name="Convert To String" owner="BuiltIn">
<var>${body}</var>
<arg>${response.content}</arg>
<doc>Converts the given item to a Unicode string.</doc>
<status status="NOT RUN" start="2024-08-17T10:44:14.302499" elapsed="0.000100"/>
</kw>
<kw name="Should Contain" owner="BuiltIn">
<arg>${body}</arg>
<arg>${tittle}</arg>
<doc>Fails if ``container`` does not contain ``item`` one or more times.</doc>
<status status="NOT RUN" start="2024-08-17T10:44:14.304223" elapsed="0.000096"/>
</kw>
<kw name="Log To Console" owner="BuiltIn">
<arg>JSON Response: ${json_response}</arg>
<doc>Logs the given message to the console.</doc>
<status status="NOT RUN" start="2024-08-17T10:44:14.305940" elapsed="0.000088"/>
</kw>
<status status="FAIL" start="2024-08-17T10:44:14.054070" elapsed="0.253791">Evaluating expression [{'userId': 2, 'id': 12, 'title': 'in quibusdam tempore odit est dolorem', 'body': 'itaque id aut magnam\npraesentium quia et ea odit et ea voluptas et\nsapiente quia nihil amet occaecati quia id voluptatem\nincidunt ea est distinctio odio'}] failed: TypeError: Expression must be string, got list.</status>
</test>
<status status="FAIL" start="2024-08-17T10:44:13.549713" elapsed="0.763480"/>
</suite>
<statistics>
<total>
<stat pass="0" fail="1" skip="0">All Tests</stat>
</total>
<tag>
</tag>
<suite>
<stat pass="0" fail="1" skip="0" id="s1" name="GET request">GET request</stat>
</suite>
</statistics>
<errors>
</errors>
</robot>
